Base path: 'C:/Program Files/Unity/Hub/Editor/2019.3.6f1/Editor/Data', plugins path 'C:/Program Files/Unity/Hub/Editor/2019.3.6f1/Editor/Data/PlaybackEngines'
Cmd: initializeCompiler
Cmd: preprocess
  insize=811 outsize=209 ok=1
Cmd: preprocess
  insize=811 outsize=209 ok=1
Cmd: preprocess
  insize=811 outsize=209 ok=1
Cmd: preprocess
  insize=811 outsize=209 ok=1
Cmd: preprocess
  insize=811 outsize=209 ok=1
Cmd: preprocess
  insize=811 outsize=209 ok=1
Cmd: preprocess
  insize=811 outsize=209 ok=1
Cmd: preprocess
  insize=811 outsize=209 ok=1
Cmd: preprocess
  insize=811 outsize=209 ok=1
Cmd: preprocess
  insize=811 outsize=209 ok=1
Cmd: preprocess
  insize=811 outsize=209 ok=1
Cmd: preprocess
  insize=811 outsize=209 ok=1
Cmd: preprocess
  insize=811 outsize=209 ok=1
Cmd: preprocess
  insize=811 outsize=209 ok=1
Cmd: preprocess
  insize=811 outsize=209 ok=1
Cmd: preprocess
  insize=811 outsize=209 ok=1
Cmd: preprocess
  insize=811 outsize=209 ok=1
Cmd: preprocess
  insize=811 outsize=209 ok=1
Cmd: preprocess
  insize=16121 outsize=990 ok=1
Cmd: preprocess
  insize=3843 outsize=498 ok=1
Cmd: preprocess
  insize=5556 outsize=496 ok=1
Cmd: preprocess
  insize=7472 outsize=492 ok=1
Cmd: preprocess
  insize=6887 outsize=493 ok=1
Cmd: preprocess
  insize=5843 outsize=489 ok=1
Cmd: preprocess
  insize=3495 outsize=492 ok=1
Cmd: preprocess
  insize=6128 outsize=489 ok=1
Cmd: preprocess
  insize=3383 outsize=492 ok=1
Cmd: preprocess
  insize=6468 outsize=492 ok=1
Cmd: preprocess
  insize=8784 outsize=487 ok=1
Cmd: preprocess
  insize=7654 outsize=492 ok=1
Cmd: preprocess
  insize=7983 outsize=493 ok=1
Cmd: preprocess
  insize=811 outsize=209 ok=1
Cmd: preprocess
  insize=811 outsize=209 ok=1
Cmd: preprocess
  insize=811 outsize=209 ok=1
Cmd: preprocess
  insize=811 outsize=209 ok=1
Cmd: preprocess
  insize=811 outsize=209 ok=1
Cmd: preprocess
  insize=811 outsize=209 ok=1
Cmd: preprocess
  insize=811 outsize=209 ok=1
Cmd: preprocess
  insize=811 outsize=209 ok=1
Cmd: preprocess
  insize=811 outsize=209 ok=1
Cmd: preprocess
  insize=811 outsize=209 ok=1
Cmd: preprocess
  insize=811 outsize=209 ok=1
Cmd: preprocess
  insize=811 outsize=209 ok=1
Cmd: preprocess
  insize=811 outsize=209 ok=1
Cmd: preprocess
  insize=811 outsize=209 ok=1
Cmd: preprocess
  insize=811 outsize=209 ok=1
Cmd: preprocess
  insize=811 outsize=209 ok=1
Cmd: preprocess
  insize=811 outsize=209 ok=1
Cmd: preprocess
  insize=811 outsize=209 ok=1
Cmd: preprocess
  insize=16121 outsize=990 ok=1
Cmd: preprocess
  insize=3843 outsize=498 ok=1
Cmd: preprocess
  insize=5556 outsize=496 ok=1
Cmd: preprocess
  insize=7472 outsize=492 ok=1
Cmd: preprocess
  insize=6887 outsize=493 ok=1
Cmd: preprocess
  insize=5843 outsize=489 ok=1
Cmd: preprocess
  insize=3495 outsize=492 ok=1
Cmd: preprocess
  insize=6128 outsize=489 ok=1
Cmd: preprocess
  insize=3383 outsize=492 ok=1
Cmd: preprocess
  insize=6468 outsize=492 ok=1
Cmd: preprocess
  insize=8784 outsize=487 ok=1
Cmd: preprocess
  insize=7654 outsize=492 ok=1
Cmd: preprocess
  insize=7983 outsize=493 ok=1
Cmd: preprocess
  insize=7983 outsize=493 ok=1
Cmd: preprocess
  insize=8784 outsize=487 ok=1
Cmd: preprocess
  insize=16121 outsize=990 ok=1
Cmd: preprocess
  insize=3383 outsize=492 ok=1
Cmd: preprocess
  insize=6128 outsize=489 ok=1
Cmd: preprocess
  insize=6468 outsize=492 ok=1
Cmd: preprocess
  insize=7654 outsize=492 ok=1
Cmd: preprocess
  insize=5556 outsize=496 ok=1
Cmd: preprocess
  insize=5843 outsize=489 ok=1
Cmd: preprocess
  insize=6887 outsize=493 ok=1
Cmd: preprocess
  insize=7472 outsize=492 ok=1
Cmd: preprocess
  insize=3843 outsize=498 ok=1
Cmd: preprocess
  insize=811 outsize=209 ok=1
Cmd: preprocess
  insize=811 outsize=209 ok=1
Cmd: preprocess
  insize=811 outsize=209 ok=1
Cmd: preprocess
  insize=811 outsize=209 ok=1
Cmd: preprocess
  insize=811 outsize=209 ok=1
Cmd: preprocess
  insize=811 outsize=209 ok=1
Cmd: preprocess
  insize=811 outsize=209 ok=1
Cmd: preprocess
  insize=811 outsize=209 ok=1
Cmd: preprocess
  insize=811 outsize=209 ok=1
Cmd: preprocess
  insize=811 outsize=209 ok=1
Cmd: preprocess
  insize=811 outsize=209 ok=1
Cmd: preprocess
  insize=811 outsize=209 ok=1
Cmd: preprocess
  insize=811 outsize=209 ok=1
Cmd: preprocess
  insize=811 outsize=209 ok=1
Cmd: preprocess
  insize=811 outsize=209 ok=1
Cmd: preprocess
  insize=811 outsize=209 ok=1
Cmd: preprocess
  insize=811 outsize=209 ok=1
Cmd: preprocess
  insize=811 outsize=209 ok=1
Cmd: preprocess
  insize=16121 outsize=990 ok=1
Cmd: preprocess
  insize=3843 outsize=498 ok=1
Cmd: preprocess
  insize=5556 outsize=496 ok=1
Cmd: preprocess
  insize=7472 outsize=492 ok=1
Cmd: preprocess
  insize=6887 outsize=493 ok=1
Cmd: preprocess
  insize=5843 outsize=489 ok=1
Cmd: preprocess
  insize=3495 outsize=492 ok=1
Cmd: preprocess
  insize=6128 outsize=489 ok=1
Cmd: preprocess
  insize=3383 outsize=492 ok=1
Cmd: preprocess
  insize=6468 outsize=492 ok=1
Cmd: preprocess
  insize=8784 outsize=487 ok=1
Cmd: preprocess
  insize=7654 outsize=492 ok=1
Cmd: preprocess
  insize=7983 outsize=493 ok=1
Cmd: preprocess
  insize=7983 outsize=493 ok=1
Cmd: preprocess
  insize=8784 outsize=487 ok=1
Cmd: preprocess
  insize=16121 outsize=990 ok=1
Cmd: preprocess
  insize=3383 outsize=492 ok=1
Cmd: preprocess
  insize=6128 outsize=489 ok=1
Cmd: preprocess
  insize=6468 outsize=492 ok=1
Cmd: preprocess
  insize=7654 outsize=492 ok=1
Cmd: preprocess
  insize=5556 outsize=496 ok=1
Cmd: preprocess
  insize=5843 outsize=489 ok=1
Cmd: preprocess
  insize=6887 outsize=493 ok=1
Cmd: preprocess
  insize=7472 outsize=492 ok=1
Cmd: preprocess
  insize=3843 outsize=498 ok=1
Cmd: compileSnippet
  api=4 type=0 insize=2982 outsize=958 kw=USE_SHAPE_LIGHT_TYPE_0 pd=UNITY_ENABLE_REFLECTION_BUFFERS UNITY_USE_DITHER_MASK_FOR_ALPHABLENDED_SHADOWS UNITY_PBS_USE_BRDF1 UNITY_SPECCUBE_BOX_PROJECTION UNITY_SPECCUBE_BLENDING UNITY_ENABLE_DETAIL_NORMALMAP SHADER_API_DESKTOP UNITY_COLORSPACE_GAMMA UNITY_LIGHT_PROBE_PROXY_VOLUME UNITY_LIGHTMAP_FULL_HDR ok=1
